WebViewSecondExampleActivityAS/app/build/outputs/logs/manifest-merger-debug-report.txt
-- Merging decision tree log ---
manifest
ADDED from AndroidManifest.xml:3:1
	xmlns:android
		ADDED from AndroidManifest.xml:3:11
	package
		ADDED from AndroidManifest.xml:4:5
		INJECTED from AndroidManifest.xml:0:0
		INJECTED from AndroidManifest.xml:0:0
	android:versionName
		ADDED from AndroidManifest.xml:5:6
	android:versionCode
		ADDED from AndroidManifest.xml:4:47
		INJECTED from AndroidManifest.xml:0:0
		INJECTED from AndroidManifest.xml:0:0
supports-screens
ADDED from AndroidManifest.xml:7:2
	android:largeScreens
		ADDED from AndroidManifest.xml:7:46
	android:anyDensity
		ADDED from AndroidManifest.xml:7:20
	android:normalScreens
		ADDED from AndroidManifest.xml:8:7
	android:smallScreens
		ADDED from AndroidManifest.xml:8:36
uses-sdk
ADDED from AndroidManifest.xml:10:2
	android:targetSdkVersion
		ADDED from AndroidManifest.xml:10:38
		INJECTED from AndroidManifest.xml:0:0
		INJECTED from AndroidManifest.xml:0:0
	android:minSdkVersion
		ADDED from AndroidManifest.xml:10:12
		INJECTED from AndroidManifest.xml:0:0
		INJECTED from AndroidManifest.xml:0:0
application
ADDED from AndroidManifest.xml:12:2
	android:allowBackup
		ADDED from AndroidManifest.xml:12:52
	android:icon
		ADDED from AndroidManifest.xml:12:15
activity#com.juarezjunior.webview.second.WebViewSecondExampleActivity
ADDED from AndroidManifest.xml:14:3
	android:label
		ADDED from AndroidManifest.xml:15:7
	android:name
		ADDED from AndroidManifest.xml:14:13
intent-filter#android.intent.action.MAIN+android.intent.category.LAUNCHER
ADDED from AndroidManifest.xml:16:4
action#android.intent.action.MAIN
ADDED from AndroidManifest.xml:17:5
	android:name
		ADDED from AndroidManifest.xml:17:13
category#android.intent.category.LAUNCHER
ADDED from AndroidManifest.xml:18:5
	android:name
		ADDED from AndroidManifest.xml:18:15